2024-01-11 10:06:20,265 INFO  [restartedMain] com.dev.IBIOECommerce.IbioeCommerceApplication : Starting IbioeCommerceApplication using Java 17.0.8.1 with PID 23672 (D:\BigData\NewWork\ClientSiteJava17\IBIOECommerce\target\classes started by thra_ in D:\BigData\NewWork\ClientSiteJava17\IBIOECommerce)
2024-01-11 10:06:20,269 INFO  [restartedMain] com.dev.IBIOECommerce.IbioeCommerceApplication : The following 1 profile is active: "test"
2024-01-11 10:06:20,302 INFO  [restartedMain] org.springframework.boot.devtools.env.DevToolsPropertyDefaultsPostProcessor : Devtools property defaults active! Set 'spring.devtools.add-properties' to 'false' to disable
2024-01-11 10:06:20,302 INFO  [restartedMain] org.springframework.boot.devtools.env.DevToolsPropertyDefaultsPostProcessor : For additional web related logging consider setting the 'logging.level.web' property to 'DEBUG'
2024-01-11 10:06:20,968 INFO  [restartedMain] org.springframework.data.repository.config.RepositoryConfigurationDelegate : Multiple Spring Data modules found, entering strict repository configuration mode
2024-01-11 10:06:20,969 INFO  [restartedMain] org.springframework.data.repository.config.RepositoryConfigurationDelegate : Bootstrapping Spring Data JDBC repositories in DEFAULT mode.
2024-01-11 10:06:20,999 INFO  [restartedMain] org.springframework.data.repository.config.RepositoryConfigurationExtensionSupport : Spring Data JDBC - Could not safely identify store assignment for repository candidate interface com.dev.IBIOECommerce.repository.MemberRepository; If you want this repository to be a JDBC repository, consider annotating your entities with one of these annotations: org.springframework.data.relational.core.mapping.Table.
2024-01-11 10:06:20,999 INFO  [restartedMain] org.springframework.data.repository.config.RepositoryConfigurationDelegate : Finished Spring Data repository scanning in 27 ms. Found 0 JDBC repository interfaces.
2024-01-11 10:06:21,006 INFO  [restartedMain] org.springframework.data.repository.config.RepositoryConfigurationDelegate : Multiple Spring Data modules found, entering strict repository configuration mode
2024-01-11 10:06:21,006 INFO  [restartedMain] org.springframework.data.repository.config.RepositoryConfigurationDelegate : Bootstrapping Spring Data JPA repositories in DEFAULT mode.
2024-01-11 10:06:21,035 INFO  [restartedMain] org.springframework.data.repository.config.RepositoryConfigurationDelegate : Finished Spring Data repository scanning in 26 ms. Found 1 JPA repository interface.
2024-01-11 10:06:21,516 INFO  [restartedMain] org.springframework.boot.web.embedded.tomcat.TomcatWebServer : Tomcat initialized with port(s): 8080 (http)
2024-01-11 10:06:21,524 INFO  [restartedMain] org.apache.catalina.core.StandardService : Starting service [Tomcat]
2024-01-11 10:06:21,524 INFO  [restartedMain] org.apache.catalina.core.StandardEngine : Starting Servlet engine: [Apache Tomcat/10.1.16]
2024-01-11 10:06:21,608 INFO  [restartedMain] org.apache.catalina.core.ContainerBase.[Tomcat].[localhost].[/] : Initializing Spring embedded WebApplicationContext
2024-01-11 10:06:21,608 INFO  [restartedMain] org.springframework.boot.web.servlet.context.ServletWebServerApplicationContext : Root WebApplicationContext: initialization completed in 1304 ms
2024-01-11 10:06:21,656 WARN  [restartedMain] org.apache.catalina.core.ContainerBase.[Tomcat].[localhost].[/] : Cannot deserialize session attribute [SPRING_SECURITY_CONTEXT] for session [0A905E5250D8934CE529A0DD7B694CA3]
2024-01-11 10:06:21,734 INFO  [restartedMain] com.zaxxer.hikari.HikariDataSource : HikariCP - Starting...
2024-01-11 10:06:21,834 INFO  [restartedMain] com.zaxxer.hikari.pool.HikariPool : HikariCP - Added connection org.mariadb.jdbc.Connection@1c977968
2024-01-11 10:06:21,836 INFO  [restartedMain] com.zaxxer.hikari.HikariDataSource : HikariCP - Start completed.
2024-01-11 10:06:22,196 INFO  [restartedMain] org.springframework.orm.jpa.persistenceunit.SpringPersistenceUnitInfo : No LoadTimeWeaver setup: ignoring JPA class transformer
2024-01-11 10:06:22,899 INFO  [restartedMain] org.springframework.orm.jpa.LocalContainerEntityManagerFactoryBean : Initialized JPA EntityManagerFactory for persistence unit 'default'
2024-01-11 10:06:23,181 WARN  [restartedMain] org.springframework.boot.autoconfigure.orm.jpa.JpaBaseConfiguration$JpaWebConfiguration : spring.jpa.open-in-view is enabled by default. Therefore, database queries may be performed during view rendering. Explicitly configure spring.jpa.open-in-view to disable this warning
2024-01-11 10:06:23,253 INFO  [restartedMain] org.springframework.boot.autoconfigure.web.servlet.WelcomePageHandlerMapping : Adding welcome page: ServletContext resource [/index.html]
2024-01-11 10:06:23,427 INFO  [restartedMain] org.springframework.security.web.DefaultSecurityFilterChain : Will secure any request with [org.springframework.security.web.session.DisableEncodeUrlFilter@505c68bf, org.springframework.security.web.context.request.async.WebAsyncManagerIntegrationFilter@154a32aa, org.springframework.security.web.context.SecurityContextHolderFilter@30a4a336, org.springframework.security.web.header.HeaderWriterFilter@5bd37276, org.springframework.security.web.authentication.logout.LogoutFilter@559a7612, org.springframework.security.web.authentication.UsernamePasswordAuthenticationFilter@1ec7359d, org.springframework.security.web.savedrequest.RequestCacheAwareFilter@3b979945, org.springframework.security.web.servletapi.SecurityContextHolderAwareRequestFilter@1779d68, org.springframework.security.web.authentication.rememberme.RememberMeAuthenticationFilter@1a0beb1d, org.springframework.security.web.authentication.AnonymousAuthenticationFilter@6f1b902a, org.springframework.security.web.access.ExceptionTranslationFilter@741836f7, org.springframework.security.web.access.intercept.AuthorizationFilter@1eddda84]
2024-01-11 10:06:23,432 WARN  [restartedMain] org.springframework.security.config.annotation.web.builders.WebSecurity : You are asking Spring Security to ignore org.springframework.boot.autoconfigure.security.servlet.StaticResourceRequest$StaticResourceRequestMatcher@1dc4a4be. This is not recommended -- please use permitAll via HttpSecurity#authorizeHttpRequests instead.
2024-01-11 10:06:23,432 INFO  [restartedMain] org.springframework.security.web.DefaultSecurityFilterChain : Will not secure org.springframework.boot.autoconfigure.security.servlet.StaticResourceRequest$StaticResourceRequestMatcher@1dc4a4be
2024-01-11 10:06:23,769 INFO  [restartedMain] org.springframework.boot.devtools.autoconfigure.OptionalLiveReloadServer : LiveReload server is running on port 35729
2024-01-11 10:06:23,812 INFO  [restartedMain] org.springframework.boot.web.embedded.tomcat.TomcatWebServer : Tomcat started on port(s): 8080 (http) with context path ''
2024-01-11 10:06:23,820 INFO  [restartedMain] com.dev.IBIOECommerce.IbioeCommerceApplication : Started IbioeCommerceApplication in 3.871 seconds (process running for 4.601)
2024-01-11 10:06:26,179 INFO  [http-nio-8080-exec-1] org.apache.catalina.core.ContainerBase.[Tomcat].[localhost].[/] : Initializing Spring DispatcherServlet 'dispatcherServlet'
2024-01-11 10:06:26,401 WARN  [http-nio-8080-exec-1] org.thymeleaf.standard.processor.AbstractStandardFragmentInsertionTagProcessor : [THYMELEAF][http-nio-8080-exec-1][front/common/index] Deprecated unwrapped fragment expression "fragments/front/common :: headSrc" found in template front/common/index, line 4, col 7. Please use the complete syntax of fragment expressions instead ("~{fragments/front/common :: headSrc}"). The old, unwrapped syntax for fragment expressions will be removed in future versions of Thymeleaf.
2024-01-11 10:06:26,456 WARN  [http-nio-8080-exec-1] org.thymeleaf.standard.processor.AbstractStandardFragmentInsertionTagProcessor : [THYMELEAF][http-nio-8080-exec-1][front/common/index] Deprecated unwrapped fragment expression "fragments/front/common :: headerMenu" found in template front/common/index, line 10, col 45. Please use the complete syntax of fragment expressions instead ("~{fragments/front/common :: headerMenu}"). The old, unwrapped syntax for fragment expressions will be removed in future versions of Thymeleaf.
2024-01-11 10:06:26,500 WARN  [http-nio-8080-exec-1] org.thymeleaf.standard.processor.AbstractStandardFragmentInsertionTagProcessor : [THYMELEAF][http-nio-8080-exec-1][front/common/index] Deprecated unwrapped fragment expression "fragments/front/common :: footer" found in template front/common/index, line 3864, col 49. Please use the complete syntax of fragment expressions instead ("~{fragments/front/common :: footer}"). The old, unwrapped syntax for fragment expressions will be removed in future versions of Thymeleaf.
2024-01-11 10:06:26,510 WARN  [http-nio-8080-exec-1] org.thymeleaf.standard.processor.AbstractStandardFragmentInsertionTagProcessor : [THYMELEAF][http-nio-8080-exec-1][front/common/index] Deprecated unwrapped fragment expression "fragments/front/common :: scriptSrc" found in template front/common/index, line 3867, col 12. Please use the complete syntax of fragment expressions instead ("~{fragments/front/common :: scriptSrc}"). The old, unwrapped syntax for fragment expressions will be removed in future versions of Thymeleaf.
2024-01-11 10:07:36,370 WARN  [http-nio-8080-exec-7] org.thymeleaf.standard.processor.AbstractStandardFragmentInsertionTagProcessor : [THYMELEAF][http-nio-8080-exec-7][front/common/login] Deprecated unwrapped fragment expression "fragments/front/common :: headSrc" found in template front/common/login, line 4, col 7. Please use the complete syntax of fragment expressions instead ("~{fragments/front/common :: headSrc}"). The old, unwrapped syntax for fragment expressions will be removed in future versions of Thymeleaf.
2024-01-11 10:07:36,375 WARN  [http-nio-8080-exec-7] org.thymeleaf.standard.processor.AbstractStandardFragmentInsertionTagProcessor : [THYMELEAF][http-nio-8080-exec-7][front/common/login] Deprecated unwrapped fragment expression "fragments/front/common :: headerMenu" found in template front/common/login, line 10, col 51. Please use the complete syntax of fragment expressions instead ("~{fragments/front/common :: headerMenu}"). The old, unwrapped syntax for fragment expressions will be removed in future versions of Thymeleaf.
2024-01-11 10:07:36,382 WARN  [http-nio-8080-exec-7] org.thymeleaf.standard.processor.AbstractStandardFragmentInsertionTagProcessor : [THYMELEAF][http-nio-8080-exec-7][front/common/login] Deprecated unwrapped fragment expression "fragments/front/common :: footer" found in template front/common/login, line 68, col 48. Please use the complete syntax of fragment expressions instead ("~{fragments/front/common :: footer}"). The old, unwrapped syntax for fragment expressions will be removed in future versions of Thymeleaf.
2024-01-11 10:07:36,388 WARN  [http-nio-8080-exec-7] org.thymeleaf.standard.processor.AbstractStandardFragmentInsertionTagProcessor : [THYMELEAF][http-nio-8080-exec-7][front/common/login] Deprecated unwrapped fragment expression "fragments/front/common :: scriptSrc" found in template front/common/login, line 71, col 14. Please use the complete syntax of fragment expressions instead ("~{fragments/front/common :: scriptSrc}"). The old, unwrapped syntax for fragment expressions will be removed in future versions of Thymeleaf.
2024-01-11 10:07:40,437 INFO  [http-nio-8080-exec-3] com.dev.IBIOECommerce.service.authentication.PrincipalDetailsService : PrincipalDetailService.loadUserByUsername
2024-01-11 10:07:40,823 WARN  [http-nio-8080-exec-1] org.thymeleaf.standard.processor.AbstractStandardFragmentInsertionTagProcessor : [THYMELEAF][http-nio-8080-exec-1][front/member/paymentResult] Deprecated unwrapped fragment expression "fragments/front/common :: headSrc" found in template front/member/paymentResult, line 4, col 7. Please use the complete syntax of fragment expressions instead ("~{fragments/front/common :: headSrc}"). The old, unwrapped syntax for fragment expressions will be removed in future versions of Thymeleaf.
2024-01-11 10:07:40,828 WARN  [http-nio-8080-exec-1] org.thymeleaf.standard.processor.AbstractStandardFragmentInsertionTagProcessor : [THYMELEAF][http-nio-8080-exec-1][front/member/paymentResult] Deprecated unwrapped fragment expression "fragments/front/common :: headerMenu" found in template front/member/paymentResult, line 10, col 45. Please use the complete syntax of fragment expressions instead ("~{fragments/front/common :: headerMenu}"). The old, unwrapped syntax for fragment expressions will be removed in future versions of Thymeleaf.
2024-01-11 10:07:40,835 WARN  [http-nio-8080-exec-1] org.thymeleaf.standard.processor.AbstractStandardFragmentInsertionTagProcessor : [THYMELEAF][http-nio-8080-exec-1][front/member/paymentResult] Deprecated unwrapped fragment expression "fragments/front/common :: footer" found in template front/member/paymentResult, line 164, col 49. Please use the complete syntax of fragment expressions instead ("~{fragments/front/common :: footer}"). The old, unwrapped syntax for fragment expressions will be removed in future versions of Thymeleaf.
2024-01-11 10:07:40,841 WARN  [http-nio-8080-exec-1] org.thymeleaf.standard.processor.AbstractStandardFragmentInsertionTagProcessor : [THYMELEAF][http-nio-8080-exec-1][front/member/paymentResult] Deprecated unwrapped fragment expression "fragments/front/common :: scriptSrc" found in template front/member/paymentResult, line 167, col 12. Please use the complete syntax of fragment expressions instead ("~{fragments/front/common :: scriptSrc}"). The old, unwrapped syntax for fragment expressions will be removed in future versions of Thymeleaf.
2024-01-11 10:09:22,929 INFO  [RMI TCP Connection(5)-127.0.0.1] org.springframework.boot.admin.SpringApplicationAdminMXBeanRegistrar$SpringApplicationAdmin : Application shutdown requested.
2024-01-11 10:09:22,937 INFO  [RMI TCP Connection(5)-127.0.0.1] org.apache.catalina.core.StandardService : Stopping service [Tomcat]
2024-01-11 10:09:22,938 INFO  [RMI TCP Connection(5)-127.0.0.1] org.apache.catalina.core.ContainerBase.[Tomcat].[localhost].[/] : Destroying Spring FrameworkServlet 'dispatcherServlet'
2024-01-11 10:09:22,941 WARN  [RMI TCP Connection(5)-127.0.0.1] org.apache.catalina.core.ContainerBase.[Tomcat].[localhost].[/] : Cannot serialize session attribute [SPRING_SECURITY_CONTEXT] for session [78A63628F18009B2367A8AC27BAEEA13]
java.io.NotSerializableException: com.dev.IBIOECommerce.model.authentication.Member
	at java.base/java.io.ObjectOutputStream.writeObject0(ObjectOutputStream.java:1187)
	at java.base/java.io.ObjectOutputStream.defaultWriteFields(ObjectOutputStream.java:1572)
	at java.base/java.io.ObjectOutputStream.writeSerialData(ObjectOutputStream.java:1529)
	at java.base/java.io.ObjectOutputStream.writeOrdinaryObject(ObjectOutputStream.java:1438)
	at java.base/java.io.ObjectOutputStream.writeObject0(ObjectOutputStream.java:1181)
	at java.base/java.io.ObjectOutputStream.defaultWriteFields(ObjectOutputStream.java:1572)
	at java.base/java.io.ObjectOutputStream.writeSerialData(ObjectOutputStream.java:1529)
	at java.base/java.io.ObjectOutputStream.writeOrdinaryObject(ObjectOutputStream.java:1438)
	at java.base/java.io.ObjectOutputStream.writeObject0(ObjectOutputStream.java:1181)
	at java.base/java.io.ObjectOutputStream.defaultWriteFields(ObjectOutputStream.java:1572)
	at java.base/java.io.ObjectOutputStream.writeSerialData(ObjectOutputStream.java:1529)
	at java.base/java.io.ObjectOutputStream.writeOrdinaryObject(ObjectOutputStream.java:1438)
	at java.base/java.io.ObjectOutputStream.writeObject0(ObjectOutputStream.java:1181)
	at java.base/java.io.ObjectOutputStream.writeObject(ObjectOutputStream.java:350)
	at org.apache.catalina.session.StandardSession.doWriteObject(StandardSession.java:1526)
	at org.apache.catalina.session.StandardSession.writeObjectData(StandardSession.java:1000)
	at org.apache.catalina.session.StandardManager.doUnload(StandardManager.java:307)
	at org.apache.catalina.session.StandardManager.unload(StandardManager.java:259)
	at org.apache.catalina.session.StandardManager.stopInternal(StandardManager.java:374)
	at org.apache.catalina.util.LifecycleBase.stop(LifecycleBase.java:242)
	at org.apache.catalina.core.StandardContext.stopInternal(StandardContext.java:5089)
	at org.apache.catalina.util.LifecycleBase.stop(LifecycleBase.java:242)
	at org.apache.catalina.core.ContainerBase$StopChild.call(ContainerBase.java:1348)
	at org.apache.catalina.core.ContainerBase$StopChild.call(ContainerBase.java:1337)
	at java.base/java.util.concurrent.FutureTask.run(FutureTask.java:264)
	at org.apache.tomcat.util.threads.InlineExecutorService.execute(InlineExecutorService.java:75)
	at java.base/java.util.concurrent.AbstractExecutorService.submit(AbstractExecutorService.java:145)
	at org.apache.catalina.core.ContainerBase.stopInternal(ContainerBase.java:931)
	at org.apache.catalina.util.LifecycleBase.stop(LifecycleBase.java:242)
	at org.apache.catalina.core.ContainerBase$StopChild.call(ContainerBase.java:1348)
	at org.apache.catalina.core.ContainerBase$StopChild.call(ContainerBase.java:1337)
	at java.base/java.util.concurrent.FutureTask.run(FutureTask.java:264)
	at org.apache.tomcat.util.threads.InlineExecutorService.execute(InlineExecutorService.java:75)
	at java.base/java.util.concurrent.AbstractExecutorService.submit(AbstractExecutorService.java:145)
	at org.apache.catalina.core.ContainerBase.stopInternal(ContainerBase.java:931)
	at org.apache.catalina.util.LifecycleBase.stop(LifecycleBase.java:242)
	at org.apache.catalina.core.StandardService.stopInternal(StandardService.java:496)
	at org.apache.catalina.util.LifecycleBase.stop(LifecycleBase.java:242)
	at org.apache.catalina.core.StandardServer.stopInternal(StandardServer.java:969)
	at org.apache.catalina.util.LifecycleBase.stop(LifecycleBase.java:242)
	at org.apache.catalina.startup.Tomcat.stop(Tomcat.java:498)
	at org.springframework.boot.web.embedded.tomcat.TomcatWebServer.stopTomcat(TomcatWebServer.java:273)
	at org.springframework.boot.web.embedded.tomcat.TomcatWebServer.stop(TomcatWebServer.java:331)
	at org.springframework.boot.web.servlet.context.WebServerStartStopLifecycle.stop(WebServerStartStopLifecycle.java:53)
	at org.springframework.context.SmartLifecycle.stop(SmartLifecycle.java:117)
	at org.springframework.context.support.DefaultLifecycleProcessor.doStop(DefaultLifecycleProcessor.java:235)
	at org.springframework.context.support.DefaultLifecycleProcessor$LifecycleGroup.stop(DefaultLifecycleProcessor.java:374)
	at org.springframework.context.support.DefaultLifecycleProcessor.stopBeans(DefaultLifecycleProcessor.java:207)
	at org.springframework.context.support.DefaultLifecycleProcessor.onClose(DefaultLifecycleProcessor.java:130)
	at org.springframework.context.support.AbstractApplicationContext.doClose(AbstractApplicationContext.java:1076)
	at org.springframework.boot.web.servlet.context.ServletWebServerApplicationContext.doClose(ServletWebServerApplicationContext.java:173)
	at org.springframework.context.support.AbstractApplicationContext.close(AbstractApplicationContext.java:1035)
	at org.springframework.boot.admin.SpringApplicationAdminMXBeanRegistrar$SpringApplicationAdmin.shutdown(SpringApplicationAdminMXBeanRegistrar.java:160)
	at java.base/jdk.internal.reflect.NativeMethodAccessorImpl.invoke0(Native Method)
	at java.base/jdk.internal.reflect.NativeMethodAccessorImpl.invoke(NativeMethodAccessorImpl.java:77)
	at java.base/jdk.internal.reflect.DelegatingMethodAccessorImpl.invoke(DelegatingMethodAccessorImpl.java:43)
	at java.base/java.lang.reflect.Method.invoke(Method.java:568)
	at sun.reflect.misc.Trampoline.invoke(MethodUtil.java:72)
	at java.base/jdk.internal.reflect.NativeMethodAccessorImpl.invoke0(Native Method)
	at java.base/jdk.internal.reflect.NativeMethodAccessorImpl.invoke(NativeMethodAccessorImpl.java:77)
	at java.base/jdk.internal.reflect.DelegatingMethodAccessorImpl.invoke(DelegatingMethodAccessorImpl.java:43)
	at java.base/java.lang.reflect.Method.invoke(Method.java:568)
	at java.base/sun.reflect.misc.MethodUtil.invoke(MethodUtil.java:262)
	at java.management/com.sun.jmx.mbeanserver.ConvertingMethod.invokeWithOpenReturn(ConvertingMethod.java:193)
	at java.management/com.sun.jmx.mbeanserver.ConvertingMethod.invokeWithOpenReturn(ConvertingMethod.java:175)
	at java.management/com.sun.jmx.mbeanserver.MXBeanIntrospector.invokeM2(MXBeanIntrospector.java:117)
	at java.management/com.sun.jmx.mbeanserver.MXBeanIntrospector.invokeM2(MXBeanIntrospector.java:54)
	at java.management/com.sun.jmx.mbeanserver.MBeanIntrospector.invokeM(MBeanIntrospector.java:237)
	at java.management/com.sun.jmx.mbeanserver.PerInterface.invoke(PerInterface.java:138)
	at java.management/com.sun.jmx.mbeanserver.MBeanSupport.invoke(MBeanSupport.java:252)
	at java.management/com.sun.jmx.interceptor.DefaultMBeanServerInterceptor.invoke(DefaultMBeanServerInterceptor.java:814)
	at java.management/com.sun.jmx.mbeanserver.JmxMBeanServer.invoke(JmxMBeanServer.java:802)
	at java.management.rmi/javax.management.remote.rmi.RMIConnectionImpl.doOperation(RMIConnectionImpl.java:1472)
	at java.management.rmi/javax.management.remote.rmi.RMIConnectionImpl$PrivilegedOperation.run(RMIConnectionImpl.java:1310)
	at java.management.rmi/javax.management.remote.rmi.RMIConnectionImpl.doPrivilegedOperation(RMIConnectionImpl.java:1405)
	at java.management.rmi/javax.management.remote.rmi.RMIConnectionImpl.invoke(RMIConnectionImpl.java:829)
	at java.base/jdk.internal.reflect.NativeMethodAccessorImpl.invoke0(Native Method)
	at java.base/jdk.internal.reflect.NativeMethodAccessorImpl.invoke(NativeMethodAccessorImpl.java:77)
	at java.base/jdk.internal.reflect.DelegatingMethodAccessorImpl.invoke(DelegatingMethodAccessorImpl.java:43)
	at java.base/java.lang.reflect.Method.invoke(Method.java:568)
	at java.rmi/sun.rmi.server.UnicastServerRef.dispatch(UnicastServerRef.java:360)
	at java.rmi/sun.rmi.transport.Transport$1.run(Transport.java:200)
	at java.rmi/sun.rmi.transport.Transport$1.run(Transport.java:197)
	at java.base/java.security.AccessController.doPrivileged(AccessController.java:712)
	at java.rmi/sun.rmi.transport.Transport.serviceCall(Transport.java:196)
	at java.rmi/sun.rmi.transport.tcp.TCPTransport.handleMessages(TCPTransport.java:587)
	at java.rmi/sun.rmi.transport.tcp.TCPTransport$ConnectionHandler.run0(TCPTransport.java:828)
	at java.rmi/sun.rmi.transport.tcp.TCPTransport$ConnectionHandler.lambda$run$0(TCPTransport.java:705)
	at java.base/java.security.AccessController.doPrivileged(AccessController.java:399)
	at java.rmi/sun.rmi.transport.tcp.TCPTransport$ConnectionHandler.run(TCPTransport.java:704)
	at java.base/java.util.concurrent.ThreadPoolExecutor.runWorker(ThreadPoolExecutor.java:1136)
	at java.base/java.util.concurrent.ThreadPoolExecutor$Worker.run(ThreadPoolExecutor.java:635)
	at java.base/java.lang.Thread.run(Thread.java:833)
2024-01-11 10:09:22,956 INFO  [RMI TCP Connection(5)-127.0.0.1] org.springframework.orm.jpa.LocalContainerEntityManagerFactoryBean : Closing JPA EntityManagerFactory for persistence unit 'default'
2024-01-11 10:09:22,959 INFO  [RMI TCP Connection(5)-127.0.0.1] com.zaxxer.hikari.HikariDataSource : HikariCP - Shutdown initiated...
2024-01-11 10:09:22,961 INFO  [RMI TCP Connection(5)-127.0.0.1] com.zaxxer.hikari.HikariDataSource : HikariCP - Shutdown completed.
